This is pdfTeX, Version 3.1415926-1.40.10 (TeX Live 2009/Debian) (format=pdflatex 2014.1.31)  6 MAY 2014 01:08
entering extended mode
 %&-line parsing enabled.
**HW10_SzetoRichard.tex
(./HW10_SzetoRichard.tex
LaTeX2e <2009/09/24>
Babel <v3.8l> and hyphenation patterns for english, usenglishmax, dumylang, noh
yphenation, loaded.
(/usr/share/texmf-texlive/tex/latex/base/article.cls
Document Class: article 2007/10/19 v1.4h Standard LaTeX document class
(/usr/share/texmf-texlive/tex/latex/base/size10.clo
File: size10.clo 2007/10/19 v1.4h Standard LaTeX file (size option)
)
\c@part=\count79
\c@section=\count80
\c@subsection=\count81
\c@subsubsection=\count82
\c@paragraph=\count83
\c@subparagraph=\count84
\c@figure=\count85
\c@table=\count86
\abovecaptionskip=\skip41
\belowcaptionskip=\skip42
\bibindent=\dimen102
)
(/usr/share/texmf-texlive/tex/latex/fancyhdr/fancyhdr.sty
\fancy@headwidth=\skip43
\f@ncyO@elh=\skip44
\f@ncyO@erh=\skip45
\f@ncyO@olh=\skip46
\f@ncyO@orh=\skip47
\f@ncyO@elf=\skip48
\f@ncyO@erf=\skip49
\f@ncyO@olf=\skip50
\f@ncyO@orf=\skip51
)
(/usr/share/texmf-texlive/tex/latex/listings/listings.sty
(/usr/share/texmf-texlive/tex/latex/graphics/keyval.sty
Package: keyval 1999/03/16 v1.13 key=value parser (DPC)
\KV@toks@=\toks14
)
\lst@mode=\count87
\lst@gtempboxa=\box26
\lst@token=\toks15
\lst@length=\count88
\lst@currlwidth=\dimen103
\lst@column=\count89
\lst@pos=\count90
\lst@lostspace=\dimen104
\lst@width=\dimen105
\lst@newlines=\count91
\lst@lineno=\count92
\lst@maxwidth=\dimen106

(/usr/share/texmf-texlive/tex/latex/listings/lstmisc.sty
File: lstmisc.sty 2007/02/22 1.4 (Carsten Heinz)
\c@lstnumber=\count93
\lst@skipnumbers=\count94
\lst@framebox=\box27
)
(/usr/share/texmf-texlive/tex/latex/listings/listings.cfg
File: listings.cfg 2007/02/22 1.4 listings configuration
))
Package: listings 2007/02/22 1.4 (Carsten Heinz)

(/usr/share/texmf-texlive/tex/latex/graphics/graphicx.sty
Package: graphicx 1999/02/16 v1.0f Enhanced LaTeX Graphics (DPC,SPQR)

(/usr/share/texmf-texlive/tex/latex/graphics/graphics.sty
Package: graphics 2009/02/05 v1.0o Standard LaTeX Graphics (DPC,SPQR)

(/usr/share/texmf-texlive/tex/latex/graphics/trig.sty
Package: trig 1999/03/16 v1.09 sin cos tan (DPC)
)
(/etc/texmf/tex/latex/config/graphics.cfg
File: graphics.cfg 2009/08/28 v1.8 graphics configuration of TeX Live
)
Package graphics Info: Driver file: pdftex.def on input line 91.

(/usr/share/texmf-texlive/tex/latex/pdftex-def/pdftex.def
File: pdftex.def 2010/03/12 v0.04p Graphics/color for pdfTeX
\Gread@gobject=\count95
))
\Gin@req@height=\dimen107
\Gin@req@width=\dimen108
)
(/usr/share/texmf-texlive/tex/latex/listings/lstlang1.sty
File: lstlang1.sty 2004/09/05 1.3 listings language file
)
(./HW10_SzetoRichard.aux)
\openout1 = `HW10_SzetoRichard.aux'.

LaTeX Font Info:    Checking defaults for OML/cmm/m/it on input line 24.
LaTeX Font Info:    ... okay on input line 24.
LaTeX Font Info:    Checking defaults for T1/cmr/m/n on input line 24.
LaTeX Font Info:    ... okay on input line 24.
LaTeX Font Info:    Checking defaults for OT1/cmr/m/n on input line 24.
LaTeX Font Info:    ... okay on input line 24.
LaTeX Font Info:    Checking defaults for OMS/cmsy/m/n on input line 24.
LaTeX Font Info:    ... okay on input line 24.
LaTeX Font Info:    Checking defaults for OMX/cmex/m/n on input line 24.
LaTeX Font Info:    ... okay on input line 24.
LaTeX Font Info:    Checking defaults for U/cmr/m/n on input line 24.
LaTeX Font Info:    ... okay on input line 24.
\c@lstlisting=\count96

(/usr/share/texmf-texlive/tex/context/base/supp-pdf.mkii
[Loading MPS to PDF converter (version 2006.09.02).]
\scratchcounter=\count97
\scratchdimen=\dimen109
\scratchbox=\box28
\nofMPsegments=\count98
\nofMParguments=\count99
\everyMPshowfont=\toks16
\MPscratchCnt=\count100
\MPscratchDim=\dimen110
\MPnumerator=\count101
\everyMPtoPDFconversion=\toks17
)
LaTeX Font Info:    External font `cmex10' loaded for size
(Font)              <7> on input line 38.
LaTeX Font Info:    External font `cmex10' loaded for size
(Font)              <5> on input line 38.
LaTeX Font Info:    Try loading font information for OMS+cmr on input line 81.
 (/usr/share/texmf-texlive/tex/latex/base/omscmr.fd
File: omscmr.fd 1999/05/25 v2.5h Standard LaTeX font definitions
)
LaTeX Font Info:    Font shape `OMS/cmr/m/n' in size <10> not available
(Font)              Font shape `OMS/cmsy/m/n' tried instead on input line 81.
 [1{/var/lib/texmf/fonts/map/pdftex/updmap/pdftex.map}

] <images/25_9.png, id=14, 690.58pt x 216.81pt>
File: images/25_9.png Graphic file (type png)

<use images/25_9.png> <images/25_11.png, id=16, 690.58pt x 216.81pt>
File: images/25_11.png Graphic file (type png)

<use images/25_11.png> <images/25_19.png, id=17, 630.355pt x 156.585pt>
File: images/25_19.png Graphic file (type png)

<use images/25_19.png> [2 <./images/25_9.png> <./images/25_11.png> <./images/25
_19.png>] <images/26_10.png, id=24, 434.62375pt x 357.335pt>
File: images/26_10.png Graphic file (type png)

<use images/26_10.png> <images/26_12.png, id=25, 312.16624pt x 196.735pt>
File: images/26_12.png Graphic file (type png)

<use images/26_12.png> [3 <./images/26_10.png>]
<images/26_13.png, id=31, 402.50375pt x 151.56625pt>
File: images/26_13.png Graphic file (type png)
 <use images/26_13.png>
<images/27_1.png, id=32, 429.605pt x 285.065pt>
File: images/27_1.png Graphic file (type png)
 <use images/27_1.png> [4 <./images/26_12.png> <./images/26_13.png> <./images/2
7_1.png>]
<images/27_2.png, id=39, 529.98pt x 234.8775pt>
File: images/27_2.png Graphic file (type png)
 <use images/27_2.png>
<images/27_3_1.png, id=40, 469.755pt x 350.30875pt>
File: images/27_3_1.png Graphic file (type png)
 <use images/27_3_1.png>
<images/27_3_2.png, id=41, 424.58624pt x 397.485pt>
File: images/27_3_2.png Graphic file (type png)
 <use images/27_3_2.png>
[5 <./images/27_2.png> <./images/27_3_1.png>]
<images/27_3_3.png, id=47, 374.39874pt x 397.485pt>
File: images/27_3_3.png Graphic file (type png)
 <use images/27_3_3.png>
<images/27_7.png, id=48, 307.1475pt x 409.53pt>
File: images/27_7.png Graphic file (type png)
 <use images/27_7.png> [6 <./images/27_3_2.png> <./images/27_3_3.png>]
LaTeX Font Info:    Try loading font information for OML+cmr on input line 239.


(/usr/share/texmf-texlive/tex/latex/base/omlcmr.fd
File: omlcmr.fd 1999/05/25 v2.5h Standard LaTeX font definitions
)
LaTeX Font Info:    Font shape `OML/cmr/m/n' in size <10> not available
(Font)              Font shape `OML/cmm/m/it' tried instead on input line 239.
 [7 <./images/27_7.png>]
<images/28_1_1.png, id=59, 279.0425pt x 204.765pt>
File: images/28_1_1.png Graphic file (type png)
 <use images/28_1_1.png>
<images/28_1_2.png, id=60, 279.0425pt x 204.765pt>
File: images/28_1_2.png Graphic file (type png)
 <use images/28_1_2.png>
<images/28_1_3.png, id=61, 312.16624pt x 204.765pt>
File: images/28_1_3.png Graphic file (type png)
 <use images/28_1_3.png>
[8 <./images/28_1_1.png> <./images/28_1_2.png> <./images/28_1_3.png>]
<images/28_2_1.png, id=68, 38.1425pt x 36.135pt>
File: images/28_2_1.png Graphic file (type png)
 <use images/28_2_1.png>
<images/28_2_2.png, id=69, 111.41624pt x 104.39pt>
File: images/28_2_2.png Graphic file (type png)
 <use images/28_2_2.png>
<images/28_2_3.png, id=70, 126.4725pt x 99.37125pt>
File: images/28_2_3.png Graphic file (type png)
 <use images/28_2_3.png>
<images/28_2_4.png, id=71, 196.735pt x 99.37125pt>
File: images/28_2_4.png Graphic file (type png)
 <use images/28_2_4.png>
<images/28_2_5.png, id=72, 228.855pt x 101.37875pt>
File: images/28_2_5.png Graphic file (type png)
 <use images/28_2_5.png>
<images/28_2_6.png, id=73, 292.09125pt x 179.67125pt>
File: images/28_2_6.png Graphic file (type png)
 <use images/28_2_6.png>
[9 <./images/28_2_1.png> <./images/28_2_2.png> <./images/28_2_3.png> <./images/
28_2_4.png> <./images/28_2_5.png>]
<images/28_2_7.png, id=82, 294.09875pt x 194.7275pt>
File: images/28_2_7.png Graphic file (type png)
 <use images/28_2_7.png>
<images/28_2_8.png, id=83, 294.09875pt x 201.75375pt>
File: images/28_2_8.png Graphic file (type png)
 <use images/28_2_8.png>
<images/28_2_9.png, id=84, 294.09875pt x 201.75375pt>
File: images/28_2_9.png Graphic file (type png)
 <use images/28_2_9.png>
<images/28_2_10.png, id=85, 294.09875pt x 201.75375pt>
File: images/28_2_10.png Graphic file (type png)

<use images/28_2_10.png> [10 <./images/28_2_6.png> <./images/28_2_7.png> <./ima
ges/28_2_8.png> <./images/28_2_9.png>]
<images/28_2_11.png, id=93, 294.09875pt x 204.765pt>
File: images/28_2_11.png Graphic file (type png)
 <use images/28_2_11.png>
[11 <./images/28_2_10.png> <./images/28_2_11.png>] (./HW10_SzetoRichard.aux) ) 
Here is how much of TeX's memory you used:
 2483 strings out of 495061
 34434 string characters out of 1182621
 116784 words of memory out of 3000000
 5660 multiletter control sequences out of 15000+50000
 5420 words of font info for 20 fonts, out of 3000000 for 9000
 28 hyphenation exceptions out of 8191
 32i,11n,43p,574b,1634s stack positions out of 5000i,500n,10000p,200000b,50000s
<
/usr/share/texmf-texlive/fonts/type1/public/amsfonts/cm/cmbx10.pfb></usr/share/
texmf-texlive/fonts/type1/public/amsfonts/cm/cmbx12.pfb></usr/share/texmf-texli
ve/fonts/type1/public/amsfonts/cm/cmmi10.pfb></usr/share/texmf-texlive/fonts/ty
pe1/public/amsfonts/cm/cmmi7.pfb></usr/share/texmf-texlive/fonts/type1/public/a
msfonts/cm/cmr10.pfb></usr/share/texmf-texlive/fonts/type1/public/amsfonts/cm/c
mr7.pfb></usr/share/texmf-texlive/fonts/type1/public/amsfonts/cm/cmsy10.pfb></u
sr/share/texmf-texlive/fonts/type1/public/amsfonts/cm/cmsy7.pfb></usr/share/tex
mf-texlive/fonts/type1/public/amsfonts/cm/cmti10.pfb></usr/share/texmf-texlive/
fonts/type1/public/amsfonts/cm/cmtt10.pfb>
Output written on HW10_SzetoRichard.pdf (11 pages, 564054 bytes).
PDF statistics:
 131 PDF objects out of 1000 (max. 8388607)
 0 named destinations out of 1000 (max. 500000)
 131 words of extra memory for PDF output out of 10000 (max. 10000000)

