This is pdfTeX, Version 3.1415926-1.40.10 (TeX Live 2009/Debian) (format=pdflatex 2014.1.31)  17 FEB 2014 17:55
entering extended mode
 %&-line parsing enabled.
**HW4_SzetoRichard.tex
(./HW4_SzetoRichard.tex
LaTeX2e <2009/09/24>
Babel <v3.8l> and hyphenation patterns for english, usenglishmax, dumylang, noh
yphenation, loaded.
(/usr/share/texmf-texlive/tex/latex/base/article.cls
Document Class: article 2007/10/19 v1.4h Standard LaTeX document class
(/usr/share/texmf-texlive/tex/latex/base/size10.clo
File: size10.clo 2007/10/19 v1.4h Standard LaTeX file (size option)
)
\c@part=\count79
\c@section=\count80
\c@subsection=\count81
\c@subsubsection=\count82
\c@paragraph=\count83
\c@subparagraph=\count84
\c@figure=\count85
\c@table=\count86
\abovecaptionskip=\skip41
\belowcaptionskip=\skip42
\bibindent=\dimen102
)
(/usr/share/texmf-texlive/tex/latex/fancyhdr/fancyhdr.sty
\fancy@headwidth=\skip43
\f@ncyO@elh=\skip44
\f@ncyO@erh=\skip45
\f@ncyO@olh=\skip46
\f@ncyO@orh=\skip47
\f@ncyO@elf=\skip48
\f@ncyO@erf=\skip49
\f@ncyO@olf=\skip50
\f@ncyO@orf=\skip51
)
(/usr/share/texmf-texlive/tex/latex/listings/listings.sty
(/usr/share/texmf-texlive/tex/latex/graphics/keyval.sty
Package: keyval 1999/03/16 v1.13 key=value parser (DPC)
\KV@toks@=\toks14
)
\lst@mode=\count87
\lst@gtempboxa=\box26
\lst@token=\toks15
\lst@length=\count88
\lst@currlwidth=\dimen103
\lst@column=\count89
\lst@pos=\count90
\lst@lostspace=\dimen104
\lst@width=\dimen105
\lst@newlines=\count91
\lst@lineno=\count92
\lst@maxwidth=\dimen106

(/usr/share/texmf-texlive/tex/latex/listings/lstmisc.sty
File: lstmisc.sty 2007/02/22 1.4 (Carsten Heinz)
\c@lstnumber=\count93
\lst@skipnumbers=\count94
\lst@framebox=\box27
)
(/usr/share/texmf-texlive/tex/latex/listings/listings.cfg
File: listings.cfg 2007/02/22 1.4 listings configuration
))
Package: listings 2007/02/22 1.4 (Carsten Heinz)

(/usr/share/texmf-texlive/tex/latex/listings/lstlang1.sty
File: lstlang1.sty 2004/09/05 1.3 listings language file
)
(./HW4_SzetoRichard.aux)
\openout1 = `HW4_SzetoRichard.aux'.

LaTeX Font Info:    Checking defaults for OML/cmm/m/it on input line 22.
LaTeX Font Info:    ... okay on input line 22.
LaTeX Font Info:    Checking defaults for T1/cmr/m/n on input line 22.
LaTeX Font Info:    ... okay on input line 22.
LaTeX Font Info:    Checking defaults for OT1/cmr/m/n on input line 22.
LaTeX Font Info:    ... okay on input line 22.
LaTeX Font Info:    Checking defaults for OMS/cmsy/m/n on input line 22.
LaTeX Font Info:    ... okay on input line 22.
LaTeX Font Info:    Checking defaults for OMX/cmex/m/n on input line 22.
LaTeX Font Info:    ... okay on input line 22.
LaTeX Font Info:    Checking defaults for U/cmr/m/n on input line 22.
LaTeX Font Info:    ... okay on input line 22.
\c@lstlisting=\count95
LaTeX Font Info:    External font `cmex10' loaded for size
(Font)              <7> on input line 34.
LaTeX Font Info:    External font `cmex10' loaded for size
(Font)              <5> on input line 34.
 [1{/var/lib/texmf/fonts/map/pdftex/updmap/pdftex.map}

] [2]
LaTeX Font Info:    Font shape `OT1/cmtt/bx/n' in size <10> not available
(Font)              Font shape `OT1/cmtt/m/n' tried instead on input line 124.
LaTeX Font Info:    Try loading font information for OMS+cmr on input line 128.

 (/usr/share/texmf-texlive/tex/latex/base/omscmr.fd
File: omscmr.fd 1999/05/25 v2.5h Standard LaTeX font definitions
)
LaTeX Font Info:    Font shape `OMS/cmr/m/it' in size <10> not available
(Font)              Font shape `OMS/cmsy/m/n' tried instead on input line 128.
LaTeX Font Info:    Font shape `OMS/cmr/m/n' in size <10> not available
(Font)              Font shape `OMS/cmsy/m/n' tried instead on input line 130.
LaTeX Font Info:    Try loading font information for OML+cmr on input line 137.


(/usr/share/texmf-texlive/tex/latex/base/omlcmr.fd
File: omlcmr.fd 1999/05/25 v2.5h Standard LaTeX font definitions
)
LaTeX Font Info:    Font shape `OML/cmr/m/n' in size <10> not available
(Font)              Font shape `OML/cmm/m/it' tried instead on input line 137.
 [3] [4] [5]
(./HW4_SzetoRichard.aux) ) 
Here is how much of TeX's memory you used:
 1703 strings out of 495061
 23511 string characters out of 1182621
 117359 words of memory out of 3000000
 4930 multiletter control sequences out of 15000+50000
 5122 words of font info for 19 fonts, out of 3000000 for 9000
 28 hyphenation exceptions out of 8191
 29i,11n,43p,917b,1257s stack positions out of 5000i,500n,10000p,200000b,50000s
</usr/share/texmf-texlive/fonts/type1/public/amsfonts
/cm/cmbx10.pfb></usr/share/texmf-texlive/fonts/type1/public/amsfonts/cm/cmbx12.
pfb></usr/share/texmf-texlive/fonts/type1/public/amsfonts/cm/cmmi10.pfb></usr/s
hare/texmf-texlive/fonts/type1/public/amsfonts/cm/cmmi7.pfb></usr/share/texmf-t
exlive/fonts/type1/public/amsfonts/cm/cmr10.pfb></usr/share/texmf-texlive/fonts
/type1/public/amsfonts/cm/cmr5.pfb></usr/share/texmf-texlive/fonts/type1/public
/amsfonts/cm/cmr7.pfb></usr/share/texmf-texlive/fonts/type1/public/amsfonts/cm/
cmsy10.pfb></usr/share/texmf-texlive/fonts/type1/public/amsfonts/cm/cmti10.pfb>
</usr/share/texmf-texlive/fonts/type1/public/amsfonts/cm/cmtt10.pfb>
Output written on HW4_SzetoRichard.pdf (5 pages, 141759 bytes).
PDF statistics:
 58 PDF objects out of 1000 (max. 8388607)
 0 named destinations out of 1000 (max. 500000)
 1 words of extra memory for PDF output out of 10000 (max. 10000000)

