This is pdfTeX, Version 3.1415926-1.40.10 (TeX Live 2009/Debian) (format=pdflatex 2014.1.31)  12 MAY 2014 18:29
entering extended mode
 %&-line parsing enabled.
**HW11_SzetoRichard.tex
(./HW11_SzetoRichard.tex
LaTeX2e <2009/09/24>
Babel <v3.8l> and hyphenation patterns for english, usenglishmax, dumylang, noh
yphenation, loaded.
(/usr/share/texmf-texlive/tex/latex/base/article.cls
Document Class: article 2007/10/19 v1.4h Standard LaTeX document class
(/usr/share/texmf-texlive/tex/latex/base/size10.clo
File: size10.clo 2007/10/19 v1.4h Standard LaTeX file (size option)
)
\c@part=\count79
\c@section=\count80
\c@subsection=\count81
\c@subsubsection=\count82
\c@paragraph=\count83
\c@subparagraph=\count84
\c@figure=\count85
\c@table=\count86
\abovecaptionskip=\skip41
\belowcaptionskip=\skip42
\bibindent=\dimen102
)
(/usr/share/texmf-texlive/tex/latex/fancyhdr/fancyhdr.sty
\fancy@headwidth=\skip43
\f@ncyO@elh=\skip44
\f@ncyO@erh=\skip45
\f@ncyO@olh=\skip46
\f@ncyO@orh=\skip47
\f@ncyO@elf=\skip48
\f@ncyO@erf=\skip49
\f@ncyO@olf=\skip50
\f@ncyO@orf=\skip51
)
(/usr/share/texmf-texlive/tex/latex/listings/listings.sty
(/usr/share/texmf-texlive/tex/latex/graphics/keyval.sty
Package: keyval 1999/03/16 v1.13 key=value parser (DPC)
\KV@toks@=\toks14
)
\lst@mode=\count87
\lst@gtempboxa=\box26
\lst@token=\toks15
\lst@length=\count88
\lst@currlwidth=\dimen103
\lst@column=\count89
\lst@pos=\count90
\lst@lostspace=\dimen104
\lst@width=\dimen105
\lst@newlines=\count91
\lst@lineno=\count92
\lst@maxwidth=\dimen106

(/usr/share/texmf-texlive/tex/latex/listings/lstmisc.sty
File: lstmisc.sty 2007/02/22 1.4 (Carsten Heinz)
\c@lstnumber=\count93
\lst@skipnumbers=\count94
\lst@framebox=\box27
)
(/usr/share/texmf-texlive/tex/latex/listings/listings.cfg
File: listings.cfg 2007/02/22 1.4 listings configuration
))
Package: listings 2007/02/22 1.4 (Carsten Heinz)

(/usr/share/texmf-texlive/tex/latex/graphics/graphicx.sty
Package: graphicx 1999/02/16 v1.0f Enhanced LaTeX Graphics (DPC,SPQR)

(/usr/share/texmf-texlive/tex/latex/graphics/graphics.sty
Package: graphics 2009/02/05 v1.0o Standard LaTeX Graphics (DPC,SPQR)

(/usr/share/texmf-texlive/tex/latex/graphics/trig.sty
Package: trig 1999/03/16 v1.09 sin cos tan (DPC)
)
(/etc/texmf/tex/latex/config/graphics.cfg
File: graphics.cfg 2009/08/28 v1.8 graphics configuration of TeX Live
)
Package graphics Info: Driver file: pdftex.def on input line 91.

(/usr/share/texmf-texlive/tex/latex/pdftex-def/pdftex.def
File: pdftex.def 2010/03/12 v0.04p Graphics/color for pdfTeX
\Gread@gobject=\count95
))
\Gin@req@height=\dimen107
\Gin@req@width=\dimen108
)
(/usr/share/texmf-texlive/tex/generic/babel/babel.sty
Package: babel 2008/07/06 v3.8l The Babel package

(/usr/share/texmf-texlive/tex/generic/babel/english.ldf
Language: english 2005/03/30 v3.3o English support from the babel system

(/usr/share/texmf-texlive/tex/generic/babel/babel.def
File: babel.def 2008/07/06 v3.8l Babel common definitions
\babel@savecnt=\count96
\U@D=\dimen109
)
\l@british = a dialect from \language\l@english 
\l@UKenglish = a dialect from \language\l@english 
\l@canadian = a dialect from \language\l@american 
\l@australian = a dialect from \language\l@british 
\l@newzealand = a dialect from \language\l@british 
))
(/usr/share/texmf-texlive/tex/latex/multirow/multirow.sty
\bigstrutjot=\dimen110
)
(/usr/share/texmf-texlive/tex/latex/listings/lstlang1.sty
File: lstlang1.sty 2004/09/05 1.3 listings language file
)
(./HW11_SzetoRichard.aux)
\openout1 = `HW11_SzetoRichard.aux'.

LaTeX Font Info:    Checking defaults for OML/cmm/m/it on input line 26.
LaTeX Font Info:    ... okay on input line 26.
LaTeX Font Info:    Checking defaults for T1/cmr/m/n on input line 26.
LaTeX Font Info:    ... okay on input line 26.
LaTeX Font Info:    Checking defaults for OT1/cmr/m/n on input line 26.
LaTeX Font Info:    ... okay on input line 26.
LaTeX Font Info:    Checking defaults for OMS/cmsy/m/n on input line 26.
LaTeX Font Info:    ... okay on input line 26.
LaTeX Font Info:    Checking defaults for OMX/cmex/m/n on input line 26.
LaTeX Font Info:    ... okay on input line 26.
LaTeX Font Info:    Checking defaults for U/cmr/m/n on input line 26.
LaTeX Font Info:    ... okay on input line 26.
\c@lstlisting=\count97

(/usr/share/texmf-texlive/tex/context/base/supp-pdf.mkii
[Loading MPS to PDF converter (version 2006.09.02).]
\scratchcounter=\count98
\scratchdimen=\dimen111
\scratchbox=\box28
\nofMPsegments=\count99
\nofMParguments=\count100
\everyMPshowfont=\toks16
\MPscratchCnt=\count101
\MPscratchDim=\dimen112
\MPnumerator=\count102
\everyMPtoPDFconversion=\toks17
)
LaTeX Font Info:    Try loading font information for OMS+cmr on input line 36.
 (/usr/share/texmf-texlive/tex/latex/base/omscmr.fd
File: omscmr.fd 1999/05/25 v2.5h Standard LaTeX font definitions
)
LaTeX Font Info:    Font shape `OMS/cmr/m/n' in size <10> not available
(Font)              Font shape `OMS/cmsy/m/n' tried instead on input line 36.

<images/29_3.png, id=1, 314.17375pt x 176.66pt>
File: images/29_3.png Graphic file (type png)
 <use images/29_3.png>
<images/29_4.png, id=3, 344.28625pt x 166.6225pt>
File: images/29_4.png Graphic file (type png)
 <use images/29_4.png>
<images/29_8b_add10.png, id=4, 43.16125pt x 46.1725pt>
File: images/29_8b_add10.png Graphic file (type png)

<use images/29_8b_add10.png>
<images/29_8b_add20.png, id=5, 63.23625pt x 46.1725pt>
File: images/29_8b_add20.png Graphic file (type png)

<use images/29_8b_add20.png>
<images/29_8b_add30.png, id=6, 143.53625pt x 116.435pt>
File: images/29_8b_add30.png Graphic file (type png)

<use images/29_8b_add30.png>
<images/29_8b_add40.png, id=7, 153.57375pt x 116.435pt>
File: images/29_8b_add40.png Graphic file (type png)

<use images/29_8b_add40.png>
<images/29_8b_add50.png, id=8, 163.61125pt x 116.435pt>
File: images/29_8b_add50.png Graphic file (type png)

<use images/29_8b_add50.png> [1{/var/lib/texmf/fonts/map/pdftex/updmap/pdftex.m
ap}

 <./images/29_3.png> <./images/29_4.png> <./images/29_8b_add10.png> <./images/2
9_8b_add20.png> <./images/29_8b_add30.png> <./images/29_8b_add40.png>]
<images/29_8b_add60.png, id=23, 173.64874pt x 116.435pt>
File: images/29_8b_add60.png Graphic file (type png)

<use images/29_8b_add60.png>
<images/29_8b_add70.png, id=24, 304.13625pt x 186.6975pt>
File: images/29_8b_add70.png Graphic file (type png)

<use images/29_8b_add70.png>
<images/29_8b_add80.png, id=25, 304.13625pt x 186.6975pt>
File: images/29_8b_add80.png Graphic file (type png)

<use images/29_8b_add80.png>
<images/29_8b_add90.png, id=26, 314.17375pt x 186.6975pt>
File: images/29_8b_add90.png Graphic file (type png)

<use images/29_8b_add90.png>
<images/29_8b_add100.png, id=27, 334.24875pt x 186.6975pt>
File: images/29_8b_add100.png Graphic file (type png)

<use images/29_8b_add100.png>
<images/29_8c_add10.png, id=28, 43.16125pt x 46.1725pt>
File: images/29_8c_add10.png Graphic file (type png)

<use images/29_8c_add10.png>
<images/29_8c_add20.png, id=29, 63.23625pt x 46.1725pt>
File: images/29_8c_add20.png Graphic file (type png)

<use images/29_8c_add20.png> [2 <./images/29_8b_add50.png> <./images/29_8b_add6
0.png> <./images/29_8b_add70.png> <./images/29_8b_add80.png> <./images/29_8b_ad
d90.png> <./images/29_8b_add100.png> <./images/29_8c_add10.png>]
<images/29_8c_add30.png, id=40, 83.31125pt x 46.1725pt>
File: images/29_8c_add30.png Graphic file (type png)

<use images/29_8c_add30.png>
<images/29_8c_add40.png, id=41, 163.61125pt x 116.435pt>
File: images/29_8c_add40.png Graphic file (type png)

<use images/29_8c_add40.png>
<images/29_8c_add50.png, id=42, 183.68625pt x 116.435pt>
File: images/29_8c_add50.png Graphic file (type png)

<use images/29_8c_add50.png>
<images/29_8c_add60.png, id=43, 193.72375pt x 116.435pt>
File: images/29_8c_add60.png Graphic file (type png)

<use images/29_8c_add60.png>
<images/29_8c_add70.png, id=44, 213.79875pt x 116.435pt>
File: images/29_8c_add70.png Graphic file (type png)

<use images/29_8c_add70.png>
<images/29_8c_add80.png, id=45, 243.91125pt x 116.435pt>
File: images/29_8c_add80.png Graphic file (type png)

<use images/29_8c_add80.png>
<images/29_8c_add90.png, id=46, 253.94875pt x 196.735pt>
File: images/29_8c_add90.png Graphic file (type png)

<use images/29_8c_add90.png>
<images/29_8c_add100.png, id=47, 274.02374pt x 196.735pt>
File: images/29_8c_add100.png Graphic file (type png)

<use images/29_8c_add100.png> [3 <./images/29_8c_add20.png> <./images/29_8c_add
30.png> <./images/29_8c_add40.png> <./images/29_8c_add50.png> <./images/29_8c_a
dd60.png> <./images/29_8c_add70.png> <./images/29_8c_add80.png> <./images/29_8c
_add90.png> <./images/29_8c_add100.png>] [4] [5] [6]
LaTeX Font Info:    External font `cmex10' loaded for size
(Font)              <7> on input line 326.
LaTeX Font Info:    External font `cmex10' loaded for size
(Font)              <5> on input line 326.

<images/31_3.png, id=70, 123.46124pt x 553.06625pt>
File: images/31_3.png Graphic file (type png)
 <use images/31_3.png>
[7] <images/31_4.png, id=75, 163.61125pt x 553.06625pt>
File: images/31_4.png Graphic file (type png)
 <use images/31_4.png>
[8 <./images/31_3.png> <./images/31_4.png>] [9] (./HW11_SzetoRichard.aux) ) 
Here is how much of TeX's memory you used:
 2704 strings out of 495061
 37591 string characters out of 1182621
 166163 words of memory out of 3000000
 5873 multiletter control sequences out of 15000+50000
 5252 words of font info for 19 fonts, out of 3000000 for 9000
 28 hyphenation exceptions out of 8191
 30i,11n,43p,483b,426s stack positions out of 5000i,500n,10000p,200000b,50000s
</us
r/share/texmf-texlive/fonts/type1/public/amsfonts/cm/cmbx10.pfb></usr/share/tex
mf-texlive/fonts/type1/public/amsfonts/cm/cmbx12.pfb></usr/share/texmf-texlive/
fonts/type1/public/amsfonts/cm/cmmi10.pfb></usr/share/texmf-texlive/fonts/type1
/public/amsfonts/cm/cmmi7.pfb></usr/share/texmf-texlive/fonts/type1/public/amsf
onts/cm/cmr10.pfb></usr/share/texmf-texlive/fonts/type1/public/amsfonts/cm/cmsy
10.pfb></usr/share/texmf-texlive/fonts/type1/public/amsfonts/cm/cmti10.pfb>
Output written on HW11_SzetoRichard.pdf (9 pages, 295556 bytes).
PDF statistics:
 109 PDF objects out of 1000 (max. 8388607)
 0 named destinations out of 1000 (max. 500000)
 121 words of extra memory for PDF output out of 10000 (max. 10000000)

